#
# There is insufficient memory for the Java Runtime Environment to continue.
# Native memory allocation (mmap) failed to map 65536 bytes for Failed to commit metaspace.
# Possible reasons:
#   The system is out of physical RAM or swap space
#   The process is running with CompressedOops enabled, and the Java Heap may be blocking the growth of the native heap
# Possible solutions:
#   Reduce memory load on the system
#   Increase physical memory or swap space
#   Check if swap backing store is full
#   Decrease Java heap size (-Xmx/-Xms)
#   Decrease number of Java threads
#   Decrease Java thread stack sizes (-Xss)
#   Set larger code cache with -XX:ReservedCodeCacheSize=
#   JVM is running with Unscaled Compressed Oops mode in which the Java heap is
#     placed in the first 4GB address space. The Java Heap base address is the
#     maximum limit for the native heap growth. Please use -XX:HeapBaseMinAddress
#     to set the Java Heap base and to place the Java Heap above 4GB virtual address.
# This output file may be truncated or incomplete.
#
#  Out of Memory Error (virtualSpaceNode.cpp:110), pid=10828, tid=9144
#
# JRE version: Java(TM) SE Runtime Environment (17.0.9+11) (build 17.0.9+11-LTS-201)
# Java VM: Java HotSpot(TM) 64-Bit Server VM (17.0.9+11-LTS-201, mixed mode, emulated-client, sharing, tiered, compressed oops, compressed class ptrs, g1 gc, windows-amd64)
# No core dump will be written. Minidumps are not enabled by default on client versions of Windows
#

---------------  S U M M A R Y ------------

Command Line: -XX:TieredStopAtLevel=1 -Dspring.output.ansi.enabled=always -Dcom.sun.management.jmxremote -Dspring.jmx.enabled=true -Dspring.liveBeansView.mbeanDomain -Dspring.application.admin.enabled=true -Dmanagement.endpoints.jmx.exposure.include=* -javaagent:E:\idea2023\IntelliJ IDEA 2023.2.5\lib\idea_rt.jar=48328:E:\idea2023\IntelliJ IDEA 2023.2.5\bin -Dfile.encoding=UTF-8 com.example.testdpi.TestDpiApplication

Host: Intel(R) Core(TM) i7-10750H CPU @ 2.60GHz, 12 cores, 7G,  Windows 10 , 64 bit Build 19041 (10.0.19041.3636)
Time: Mon Jul  1 15:22:07 2024  Windows 10 , 64 bit Build 19041 (10.0.19041.3636) elapsed time: 0.519023 seconds (0d 0h 0m 0s)

---------------  T H R E A D  ---------------

Current thread (0x0000020e8c05e8b0):  JavaThread "main" [_thread_in_vm, id=9144, stack(0x000000998c500000,0x000000998c600000)]

Stack: [0x000000998c500000,0x000000998c600000]
Native frames: (J=compiled Java code, j=interpreted, Vv=VM code, C=native code)
V  [jvm.dll+0x678a4a]
V  [jvm.dll+0x7d9cfd]
V  [jvm.dll+0x7db60e]
V  [jvm.dll+0x7dbc73]
V  [jvm.dll+0x245e1f]
V  [jvm.dll+0x7d5a0b]
V  [jvm.dll+0x61ebc6]
V  [jvm.dll+0x61ec2a]
V  [jvm.dll+0x62145d]
V  [jvm.dll+0x61f586]
V  [jvm.dll+0x629367]
V  [jvm.dll+0x1e9c7d]
V  [jvm.dll+0x1ea245]
V  [jvm.dll+0x1eab8b]
V  [jvm.dll+0x1e0391]
V  [jvm.dll+0x53eaec]
V  [jvm.dll+0x1f0caa]
V  [jvm.dll+0x75394d]
V  [jvm.dll+0x754d46]
V  [jvm.dll+0x7554d5]
V  [jvm.dll+0x1eafb1]
V  [jvm.dll+0x1e03aa]
V  [jvm.dll+0x53eaec]
V  [jvm.dll+0x1f0caa]
V  [jvm.dll+0x75394d]
V  [jvm.dll+0x754d46]
V  [jvm.dll+0x755078]
V  [jvm.dll+0x23e1db]
V  [jvm.dll+0x23e42f]
V  [jvm.dll+0x55ce78]
V  [jvm.dll+0x55fd47]
V  [jvm.dll+0x381d61]
V  [jvm.dll+0x3813bf]
C  0x0000020e950d9222

Java frames: (J=compiled Java code, j=interpreted, Vv=VM code)
j  com.sun.jmx.mbeanserver.MXBeanSupport.getMBeanIntrospector()Lcom/sun/jmx/mbeanserver/MBeanIntrospector;+0 java.management@17.0.9
j  com.sun.jmx.mbeanserver.MBeanSupport.<init>(Ljava/lang/Object;Ljava/lang/Class;)V+62 java.management@17.0.9
j  com.sun.jmx.mbeanserver.MXBeanSupport.<init>(Ljava/lang/Object;Ljava/lang/Class;)V+3 java.management@17.0.9
j  javax.management.StandardMBean.construct(Ljava/lang/Object;Ljava/lang/Class;ZZ)V+56 java.management@17.0.9
j  javax.management.StandardMBean.<init>(Ljava/lang/Object;Ljava/lang/Class;Z)V+9 java.management@17.0.9
j  java.lang.management.ManagementFactory.lambda$addMXBean$7(Ljava/lang/Object;Ljavax/management/MBeanServer;Ljavax/management/ObjectName;)Ljava/lang/Void;+53 java.management@17.0.9
j  java.lang.management.ManagementFactory$$Lambda$21+0x0000020ea2064718.run()Ljava/lang/Object;+12 java.management@17.0.9
j  java.security.AccessController.executePrivileged(Ljava/security/PrivilegedExceptionAction;Ljava/security/AccessControlContext;Ljava/lang/Class;)Ljava/lang/Object;+29 java.base@17.0.9
j  java.security.AccessController.doPrivileged(Ljava/security/PrivilegedExceptionAction;)Ljava/lang/Object;+9 java.base@17.0.9
j  java.lang.management.ManagementFactory.addMXBean(Ljavax/management/MBeanServer;Ljava/lang/String;Ljava/lang/Object;)V+13 java.management@17.0.9
j  java.lang.management.ManagementFactory.lambda$getPlatformMBeanServer$1(Ljava/util/Map$Entry;)V+18 java.management@17.0.9
j  java.lang.management.ManagementFactory$$Lambda$20+0x0000020ea2063d10.accept(Ljava/lang/Object;)V+4 java.management@17.0.9
j  java.util.stream.ForEachOps$ForEachOp$OfRef.accept(Ljava/lang/Object;)V+5 java.base@17.0.9
j  java.util.Collections$2.tryAdvance(Ljava/util/function/Consumer;)Z+29 java.base@17.0.9
j  java.util.Collections$2.forEachRemaining(Ljava/util/function/Consumer;)V+2 java.base@17.0.9
j  java.util.stream.ReferencePipeline$Head.forEach(Ljava/util/function/Consumer;)V+12 java.base@17.0.9
j  java.util.stream.ReferencePipeline$7$1.accept(Ljava/lang/Object;)V+41 java.base@17.0.9
j  java.util.stream.ReferencePipeline$2$1.accept(Ljava/lang/Object;)V+21 java.base@17.0.9
j  java.util.HashMap$ValueSpliterator.forEachRemaining(Ljava/util/function/Consumer;)V+145 java.base@17.0.9
j  java.util.stream.AbstractPipeline.copyInto(Ljava/util/stream/Sink;Ljava/util/Spliterator;)V+32 java.base@17.0.9
j  java.util.stream.AbstractPipeline.wrapAndCopyInto(Ljava/util/stream/Sink;Ljava/util/Spliterator;)Ljava/util/stream/Sink;+13 java.base@17.0.9
j  java.util.stream.ForEachOps$ForEachOp.evaluateSequential(Ljava/util/stream/PipelineHelper;Ljava/util/Spliterator;)Ljava/lang/Void;+3 java.base@17.0.9
j  java.util.stream.ForEachOps$ForEachOp$OfRef.evaluateSequential(Ljava/util/stream/PipelineHelper;Ljava/util/Spliterator;)Ljava/lang/Object;+3 java.base@17.0.9
j  java.util.stream.AbstractPipeline.evaluate(Ljava/util/stream/TerminalOp;)Ljava/lang/Object;+88 java.base@17.0.9
j  java.util.stream.ReferencePipeline.forEach(Ljava/util/function/Consumer;)V+6 java.base@17.0.9
j  java.lang.management.ManagementFactory.getPlatformMBeanServer()Ljavax/management/MBeanServer;+68 java.management@17.0.9
j  sun.management.jmxremote.ConnectorBootstrap.startLocalConnectorServer()Ljavax/management/remote/JMXConnectorServer;+88 jdk.management.agent@17.0.9
j  jdk.internal.agent.Agent.startLocalManagementAgent()V+13 jdk.management.agent@17.0.9
j  jdk.internal.agent.Agent.startAgent(Ljava/util/Properties;)V+58 jdk.management.agent@17.0.9
j  jdk.internal.agent.Agent.startAgent()V+20 jdk.management.agent@17.0.9
v  ~StubRoutines::call_stub

---------------  P R O C E S S  ---------------

Threads class SMR info:
_java_thread_list=0x0000020ea04b3a00, length=14, elements={
0x0000020e8c05e8b0, 0x0000020ea02fa0e0, 0x0000020ea02fae70, 0x0000020ea0318b90,
0x0000020ea031a7d0, 0x0000020ea031d0b0, 0x0000020ea031e120, 0x0000020ea031eaa0,
0x0000020ea03237f0, 0x0000020ea02e27c0, 0x0000020ea02e3270, 0x0000020ea0466510,
0x0000020ea09620d0, 0x0000020ea09625b0
}

Java Threads: ( => current thread )
=>0x0000020e8c05e8b0 JavaThread "main" [_thread_in_vm, id=9144, stack(0x000000998c500000,0x000000998c600000)]
  0x0000020ea02fa0e0 JavaThread "Reference Handler" daemon [_thread_blocked, id=26484, stack(0x000000998cc00000,0x000000998cd00000)]
  0x0000020ea02fae70 JavaThread "Finalizer" daemon [_thread_blocked, id=7540, stack(0x000000998cd00000,0x000000998ce00000)]
  0x0000020ea0318b90 JavaThread "Signal Dispatcher" daemon [_thread_blocked, id=7212, stack(0x000000998ce00000,0x000000998cf00000)]
  0x0000020ea031a7d0 JavaThread "Attach Listener" daemon [_thread_blocked, id=6568, stack(0x000000998cf00000,0x000000998d000000)]
  0x0000020ea031d0b0 JavaThread "Service Thread" daemon [_thread_blocked, id=24756, stack(0x000000998d000000,0x000000998d100000)]
  0x0000020ea031e120 JavaThread "Monitor Deflation Thread" daemon [_thread_blocked, id=24780, stack(0x000000998d100000,0x000000998d200000)]
  0x0000020ea031eaa0 JavaThread "C1 CompilerThread0" daemon [_thread_blocked, id=29948, stack(0x000000998d200000,0x000000998d300000)]
  0x0000020ea03237f0 JavaThread "Sweeper thread" daemon [_thread_blocked, id=19352, stack(0x000000998d300000,0x000000998d400000)]
  0x0000020ea02e27c0 JavaThread "Common-Cleaner" daemon [_thread_blocked, id=24404, stack(0x000000998d400000,0x000000998d500000)]
  0x0000020ea02e3270 JavaThread "C1 CompilerThread1" daemon [_thread_blocked, id=16756, stack(0x000000998d500000,0x000000998d600000)]
  0x0000020ea0466510 JavaThread "C1 CompilerThread2" daemon [_thread_blocked, id=29892, stack(0x000000998d600000,0x000000998d700000)]
  0x0000020ea09620d0 JavaThread "Monitor Ctrl-Break" daemon [_thread_in_native, id=2852, stack(0x000000998d700000,0x000000998d800000)]
  0x0000020ea09625b0 JavaThread "Notification Thread" daemon [_thread_blocked, id=30080, stack(0x000000998d800000,0x000000998d900000)]

Other Threads:
  0x0000020ea02f4e20 VMThread "VM Thread" [stack: 0x000000998cb00000,0x000000998cc00000] [id=19784]
  0x0000020e8c0b7470 GCTaskThread "GC Thread#0" [stack: 0x000000998c600000,0x000000998c700000] [id=13024]
  0x0000020e8c0cad80 ConcurrentGCThread "G1 Main Marker" [stack: 0x000000998c700000,0x000000998c800000] [id=26948]
  0x0000020e8c0cbe40 ConcurrentGCThread "G1 Conc#0" [stack: 0x000000998c800000,0x000000998c900000] [id=3828]
  0x0000020e8c119a30 ConcurrentGCThread "G1 Refine#0" [stack: 0x000000998c900000,0x000000998ca00000] [id=22892]
  0x0000020ea01b24c0 ConcurrentGCThread "G1 Service" [stack: 0x000000998ca00000,0x000000998cb00000] [id=23636]

Threads with active compile tasks:

VM state: not at safepoint (normal execution)

VM Mutex/Monitor currently owned by a thread:  ([mutex/lock_event])
[0x0000020e8c0592c0] Metaspace_lock - owner thread: 0x0000020e8c05e8b0

Heap address: 0x0000000082c00000, size: 2004 MB, Compressed Oops mode: 32-bit

CDS archive(s) mapped at: [0x0000020ea1000000-0x0000020ea1bd0000-0x0000020ea1bd0000), size 12386304, SharedBaseAddress: 0x0000020ea1000000, ArchiveRelocationMode: 1.
Compressed class space mapped at: 0x0000020ea2000000-0x0000020ee2000000, reserved size: 1073741824
Narrow klass base: 0x0000020ea1000000, Narrow klass shift: 0, Narrow klass range: 0x100000000

GC Precious Log:
 CPUs: 12 total, 12 available
 Memory: 8015M
 Large Page Support: Disabled
 NUMA Support: Disabled
 Compressed Oops: Enabled (32-bit)
 Heap Region Size: 1M
 Heap Min Capacity: 8M
 Heap Initial Capacity: 126M
 Heap Max Capacity: 2004M
 Pre-touch: Disabled
 Parallel Workers: 10
 Concurrent Workers: 3
 Concurrent Refinement Workers: 10
 Periodic GC: Disabled

Heap:
 garbage-first heap   total 129024K, used 10240K [0x0000000082c00000, 0x0000000100000000)
  region size 1024K, 11 young (11264K), 0 survivors (0K)
 Metaspace       used 1515K, committed 1664K, reserved 1114112K
  class space    used 155K, committed 256K, reserved 1048576K

Heap Regions: E=young(eden), S=young(survivor), O=old, HS=humongous(starts), HC=humongous(continues), CS=collection set, F=free, OA=open archive, CA=closed archive, TAMS=top-at-mark-start (previous, next)
|   0|0x0000000082c00000, 0x0000000082d00000, 0x0000000082d00000|100%|HS|  |TAMS 0x0000000082c00000, 0x0000000082c00000| Complete 
|   1|0x0000000082d00000, 0x0000000082d00000, 0x0000000082e00000|  0%| F|  |TAMS 0x0000000082d00000, 0x0000000082d00000| Untracked 
|   2|0x0000000082e00000, 0x0000000082e00000, 0x0000000082f00000|  0%| F|  |TAMS 0x0000000082e00000, 0x0000000082e00000| Untracked 
|   3|0x0000000082f00000, 0x0000000082f00000, 0x0000000083000000|  0%| F|  |TAMS 0x0000000082f00000, 0x0000000082f00000| Untracked 
|   4|0x0000000083000000, 0x0000000083000000, 0x0000000083100000|  0%| F|  |TAMS 0x0000000083000000, 0x0000000083000000| Untracked 
|   5|0x0000000083100000, 0x0000000083100000, 0x0000000083200000|  0%| F|  |TAMS 0x0000000083100000, 0x0000000083100000| Untracked 
|   6|0x0000000083200000, 0x0000000083200000, 0x0000000083300000|  0%| F|  |TAMS 0x0000000083200000, 0x0000000083200000| Untracked 
|   7|0x0000000083300000, 0x0000000083300000, 0x0000000083400000|  0%| F|  |TAMS 0x0000000083300000, 0x0000000083300000| Untracked 
|   8|0x0000000083400000, 0x0000000083400000, 0x0000000083500000|  0%| F|  |TAMS 0x0000000083400000, 0x0000000083400000| Untracked 
|   9|0x0000000083500000, 0x0000000083500000, 0x0000000083600000|  0%| F|  |TAMS 0x0000000083500000, 0x0000000083500000| Untracked 
|  10|0x0000000083600000, 0x0000000083600000, 0x0000000083700000|  0%| F|  |TAMS 0x0000000083600000, 0x0000000083600000| Untracked 
|  11|0x0000000083700000, 0x0000000083700000, 0x0000000083800000|  0%| F|  |TAMS 0x0000000083700000, 0x0000000083700000| Untracked 
|  12|0x0000000083800000, 0x0000000083800000, 0x0000000083900000|  0%| F|  |TAMS 0x0000000083800000, 0x0000000083800000| Untracked 
|  13|0x0000000083900000, 0x0000000083900000, 0x0000000083a00000|  0%| F|  |TAMS 0x0000000083900000, 0x0000000083900000| Untracked 
|  14|0x0000000083a00000, 0x0000000083a00000, 0x0000000083b00000|  0%| F|  |TAMS 0x0000000083a00000, 0x0000000083a00000| Untracked 
|  15|0x0000000083b00000, 0x0000000083b00000, 0x0000000083c00000|  0%| F|  |TAMS 0x0000000083b00000, 0x0000000083b00000| Untracked 
|  16|0x0000000083c00000, 0x0000000083c00000, 0x0000000083d00000|  0%| F|  |TAMS 0x0000000083c00000, 0x0000000083c00000| Untracked 
|  17|0x0000000083d00000, 0x0000000083d00000, 0x0000000083e00000|  0%| F|  |TAMS 0x0000000083d00000, 0x0000000083d00000| Untracked 
|  18|0x0000000083e00000, 0x0000000083e00000, 0x0000000083f00000|  0%| F|  |TAMS 0x0000000083e00000, 0x0000000083e00000| Untracked 
|  19|0x0000000083f00000, 0x0000000083f00000, 0x0000000084000000|  0%| F|  |TAMS 0x0000000083f00000, 0x0000000083f00000| Untracked 
|  20|0x0000000084000000, 0x0000000084000000, 0x0000000084100000|  0%| F|  |TAMS 0x0000000084000000, 0x0000000084000000| Untracked 
|  21|0x0000000084100000, 0x0000000084100000, 0x0000000084200000|  0%| F|  |TAMS 0x0000000084100000, 0x0000000084100000| Untracked 
|  22|0x0000000084200000, 0x0000000084200000, 0x0000000084300000|  0%| F|  |TAMS 0x0000000084200000, 0x0000000084200000| Untracked 
|  23|0x0000000084300000, 0x0000000084300000, 0x0000000084400000|  0%| F|  |TAMS 0x0000000084300000, 0x0000000084300000| Untracked 
|  24|0x0000000084400000, 0x0000000084400000, 0x0000000084500000|  0%| F|  |TAMS 0x0000000084400000, 0x0000000084400000| Untracked 
|  25|0x0000000084500000, 0x0000000084500000, 0x0000000084600000|  0%| F|  |TAMS 0x0000000084500000, 0x0000000084500000| Untracked 
|  26|0x0000000084600000, 0x0000000084600000, 0x0000000084700000|  0%| F|  |TAMS 0x0000000084600000, 0x0000000084600000| Untracked 
|  27|0x0000000084700000, 0x0000000084700000, 0x0000000084800000|  0%| F|  |TAMS 0x0000000084700000, 0x0000000084700000| Untracked 
|  28|0x0000000084800000, 0x0000000084800000, 0x0000000084900000|  0%| F|  |TAMS 0x0000000084800000, 0x0000000084800000| Untracked 
|  29|0x0000000084900000, 0x0000000084900000, 0x0000000084a00000|  0%| F|  |TAMS 0x0000000084900000, 0x0000000084900000| Untracked 
|  30|0x0000000084a00000, 0x0000000084a00000, 0x0000000084b00000|  0%| F|  |TAMS 0x0000000084a00000, 0x0000000084a00000| Untracked 
|  31|0x0000000084b00000, 0x0000000084b00000, 0x0000000084c00000|  0%| F|  |TAMS 0x0000000084b00000, 0x0000000084b00000| Untracked 
|  32|0x0000000084c00000, 0x0000000084c00000, 0x0000000084d00000|  0%| F|  |TAMS 0x0000000084c00000, 0x0000000084c00000| Untracked 
|  33|0x0000000084d00000, 0x0000000084d00000, 0x0000000084e00000|  0%| F|  |TAMS 0x0000000084d00000, 0x0000000084d00000| Untracked 
|  34|0x0000000084e00000, 0x0000000084e00000, 0x0000000084f00000|  0%| F|  |TAMS 0x0000000084e00000, 0x0000000084e00000| Untracked 
|  35|0x0000000084f00000, 0x0000000084f00000, 0x0000000085000000|  0%| F|  |TAMS 0x0000000084f00000, 0x0000000084f00000| Untracked 
|  36|0x0000000085000000, 0x0000000085000000, 0x0000000085100000|  0%| F|  |TAMS 0x0000000085000000, 0x0000000085000000| Untracked 
|  37|0x0000000085100000, 0x0000000085100000, 0x0000000085200000|  0%| F|  |TAMS 0x0000000085100000, 0x0000000085100000| Untracked 
|  38|0x0000000085200000, 0x0000000085200000, 0x0000000085300000|  0%| F|  |TAMS 0x0000000085200000, 0x0000000085200000| Untracked 
|  39|0x0000000085300000, 0x0000000085300000, 0x0000000085400000|  0%| F|  |TAMS 0x0000000085300000, 0x0000000085300000| Untracked 
|  40|0x0000000085400000, 0x0000000085400000, 0x0000000085500000|  0%| F|  |TAMS 0x0000000085400000, 0x0000000085400000| Untracked 
|  41|0x0000000085500000, 0x0000000085500000, 0x0000000085600000|  0%| F|  |TAMS 0x0000000085500000, 0x0000000085500000| Untracked 
|  42|0x0000000085600000, 0x0000000085600000, 0x0000000085700000|  0%| F|  |TAMS 0x0000000085600000, 0x0000000085600000| Untracked 
|  43|0x0000000085700000, 0x0000000085700000, 0x0000000085800000|  0%| F|  |TAMS 0x0000000085700000, 0x0000000085700000| Untracked 
|  44|0x0000000085800000, 0x0000000085800000, 0x0000000085900000|  0%| F|  |TAMS 0x0000000085800000, 0x0000000085800000| Untracked 
|  45|0x0000000085900000, 0x0000000085900000, 0x0000000085a00000|  0%| F|  |TAMS 0x0000000085900000, 0x0000000085900000| Untracked 
|  46|0x0000000085a00000, 0x0000000085a00000, 0x0000000085b00000|  0%| F|  |TAMS 0x0000000085a00000, 0x0000000085a00000| Untracked 
|  47|0x0000000085b00000, 0x0000000085b00000, 0x0000000085c00000|  0%| F|  |TAMS 0x0000000085b00000, 0x0000000085b00000| Untracked 
|  48|0x0000000085c00000, 0x0000000085c00000, 0x0000000085d00000|  0%| F|  |TAMS 0x0000000085c00000, 0x0000000085c00000| Untracked 
|  49|0x0000000085d00000, 0x0000000085d00000, 0x0000000085e00000|  0%| F|  |TAMS 0x0000000085d00000, 0x0000000085d00000| Untracked 
|  50|0x0000000085e00000, 0x0000000085e00000, 0x0000000085f00000|  0%| F|  |TAMS 0x0000000085e00000, 0x0000000085e00000| Untracked 
|  51|0x0000000085f00000, 0x0000000085f00000, 0x0000000086000000|  0%| F|  |TAMS 0x0000000085f00000, 0x0000000085f00000| Untracked 
|  52|0x0000000086000000, 0x0000000086000000, 0x0000000086100000|  0%| F|  |TAMS 0x0000000086000000, 0x0000000086000000| Untracked 
|  53|0x0000000086100000, 0x0000000086100000, 0x0000000086200000|  0%| F|  |TAMS 0x0000000086100000, 0x0000000086100000| Untracked 
|  54|0x0000000086200000, 0x0000000086200000, 0x0000000086300000|  0%| F|  |TAMS 0x0000000086200000, 0x0000000086200000| Untracked 
|  55|0x0000000086300000, 0x0000000086300000, 0x0000000086400000|  0%| F|  |TAMS 0x0000000086300000, 0x0000000086300000| Untracked 
|  56|0x0000000086400000, 0x0000000086400000, 0x0000000086500000|  0%| F|  |TAMS 0x0000000086400000, 0x0000000086400000| Untracked 
|  57|0x0000000086500000, 0x0000000086500000, 0x0000000086600000|  0%| F|  |TAMS 0x0000000086500000, 0x0000000086500000| Untracked 
|  58|0x0000000086600000, 0x0000000086600000, 0x0000000086700000|  0%| F|  |TAMS 0x0000000086600000, 0x0000000086600000| Untracked 
|  59|0x0000000086700000, 0x0000000086700000, 0x0000000086800000|  0%| F|  |TAMS 0x0000000086700000, 0x0000000086700000| Untracked 
|  60|0x0000000086800000, 0x0000000086800000, 0x0000000086900000|  0%| F|  |TAMS 0x0000000086800000, 0x0000000086800000| Untracked 
|  61|0x0000000086900000, 0x0000000086900000, 0x0000000086a00000|  0%| F|  |TAMS 0x0000000086900000, 0x0000000086900000| Untracked 
|  62|0x0000000086a00000, 0x0000000086a00000, 0x0000000086b00000|  0%| F|  |TAMS 0x0000000086a00000, 0x0000000086a00000| Untracked 
|  63|0x0000000086b00000, 0x0000000086b00000, 0x0000000086c00000|  0%| F|  |TAMS 0x0000000086b00000, 0x0000000086b00000| Untracked 
|  64|0x0000000086c00000, 0x0000000086c00000, 0x0000000086d00000|  0%| F|  |TAMS 0x0000000086c00000, 0x0000000086c00000| Untracked 
|  65|0x0000000086d00000, 0x0000000086d00000, 0x0000000086e00000|  0%| F|  |TAMS 0x0000000086d00000, 0x0000000086d00000| Untracked 
|  66|0x0000000086e00000, 0x0000000086e00000, 0x0000000086f00000|  0%| F|  |TAMS 0x0000000086e00000, 0x0000000086e00000| Untracked 
|  67|0x0000000086f00000, 0x0000000086f00000, 0x0000000087000000|  0%| F|  |TAMS 0x0000000086f00000, 0x0000000086f00000| Untracked 
|  68|0x0000000087000000, 0x0000000087000000, 0x0000000087100000|  0%| F|  |TAMS 0x0000000087000000, 0x0000000087000000| Untracked 
|  69|0x0000000087100000, 0x0000000087100000, 0x0000000087200000|  0%| F|  |TAMS 0x0000000087100000, 0x0000000087100000| Untracked 
|  70|0x0000000087200000, 0x0000000087200000, 0x0000000087300000|  0%| F|  |TAMS 0x0000000087200000, 0x0000000087200000| Untracked 
|  71|0x0000000087300000, 0x0000000087300000, 0x0000000087400000|  0%| F|  |TAMS 0x0000000087300000, 0x0000000087300000| Untracked 
|  72|0x0000000087400000, 0x0000000087400000, 0x0000000087500000|  0%| F|  |TAMS 0x0000000087400000, 0x0000000087400000| Untracked 
|  73|0x0000000087500000, 0x0000000087500000, 0x0000000087600000|  0%| F|  |TAMS 0x0000000087500000, 0x0000000087500000| Untracked 
|  74|0x0000000087600000, 0x0000000087600000, 0x0000000087700000|  0%| F|  |TAMS 0x0000000087600000, 0x0000000087600000| Untracked 
|  75|0x0000000087700000, 0x0000000087700000, 0x0000000087800000|  0%| F|  |TAMS 0x0000000087700000, 0x0000000087700000| Untracked 
|  76|0x0000000087800000, 0x0000000087800000, 0x0000000087900000|  0%| F|  |TAMS 0x0000000087800000, 0x0000000087800000| Untracked 
|  77|0x0000000087900000, 0x0000000087900000, 0x0000000087a00000|  0%| F|  |TAMS 0x0000000087900000, 0x0000000087900000| Untracked 
|  78|0x0000000087a00000, 0x0000000087a00000, 0x0000000087b00000|  0%| F|  |TAMS 0x0000000087a00000, 0x0000000087a00000| Untracked 
|  79|0x0000000087b00000, 0x0000000087b00000, 0x0000000087c00000|  0%| F|  |TAMS 0x0000000087b00000, 0x0000000087b00000| Untracked 
|  80|0x0000000087c00000, 0x0000000087c00000, 0x0000000087d00000|  0%| F|  |TAMS 0x0000000087c00000, 0x0000000087c00000| Untracked 
|  81|0x0000000087d00000, 0x0000000087d00000, 0x0000000087e00000|  0%| F|  |TAMS 0x0000000087d00000, 0x0000000087d00000| Untracked 
|  82|0x0000000087e00000, 0x0000000087e00000, 0x0000000087f00000|  0%| F|  |TAMS 0x0000000087e00000, 0x0000000087e00000| Untracked 
|  83|0x0000000087f00000, 0x0000000087f00000, 0x0000000088000000|  0%| F|  |TAMS 0x0000000087f00000, 0x0000000087f00000| Untracked 
|  84|0x0000000088000000, 0x0000000088000000, 0x0000000088100000|  0%| F|  |TAMS 0x0000000088000000, 0x0000000088000000| Untracked 
|  85|0x0000000088100000, 0x0000000088100000, 0x0000000088200000|  0%| F|  |TAMS 0x0000000088100000, 0x0000000088100000| Untracked 
|  86|0x0000000088200000, 0x0000000088200000, 0x0000000088300000|  0%| F|  |TAMS 0x0000000088200000, 0x0000000088200000| Untracked 
|  87|0x0000000088300000, 0x0000000088300000, 0x0000000088400000|  0%| F|  |TAMS 0x0000000088300000, 0x0000000088300000| Untracked 
|  88|0x0000000088400000, 0x0000000088400000, 0x0000000088500000|  0%| F|  |TAMS 0x0000000088400000, 0x0000000088400000| Untracked 
|  89|0x0000000088500000, 0x0000000088500000, 0x0000000088600000|  0%| F|  |TAMS 0x0000000088500000, 0x0000000088500000| Untracked 
|  90|0x0000000088600000, 0x0000000088600000, 0x0000000088700000|  0%| F|  |TAMS 0x0000000088600000, 0x0000000088600000| Untracked 
|  91|0x0000000088700000, 0x0000000088700000, 0x0000000088800000|  0%| F|  |TAMS 0x0000000088700000, 0x0000000088700000| Untracked 
|  92|0x0000000088800000, 0x0000000088800000, 0x0000000088900000|  0%| F|  |TAMS 0x0000000088800000, 0x0000000088800000| Untracked 
|  93|0x0000000088900000, 0x0000000088900000, 0x0000000088a00000|  0%| F|  |TAMS 0x0000000088900000, 0x0000000088900000| Untracked 
|  94|0x0000000088a00000, 0x0000000088a00000, 0x0000000088b00000|  0%| F|  |TAMS 0x0000000088a00000, 0x0000000088a00000| Untracked 
|  95|0x0000000088b00000, 0x0000000088b00000, 0x0000000088c00000|  0%| F|  |TAMS 0x0000000088b00000, 0x0000000088b00000| Untracked 
|  96|0x0000000088c00000, 0x0000000088c00000, 0x0000000088d00000|  0%| F|  |TAMS 0x0000000088c00000, 0x0000000088c00000| Untracked 
|  97|0x0000000088d00000, 0x0000000088d00000, 0x0000000088e00000|  0%| F|  |TAMS 0x0000000088d00000, 0x0000000088d00000| Untracked 
|  98|0x0000000088e00000, 0x0000000088e00000, 0x0000000088f00000|  0%| F|  |TAMS 0x0000000088e00000, 0x0000000088e00000| Untracked 
|  99|0x0000000088f00000, 0x0000000088f00000, 0x0000000089000000|  0%| F|  |TAMS 0x0000000088f00000, 0x0000000088f00000| Untracked 
| 100|0x0000000089000000, 0x0000000089000000, 0x0000000089100000|  0%| F|  |TAMS 0x0000000089000000, 0x0000000089000000| Untracked 
| 101|0x0000000089100000, 0x0000000089100000, 0x0000000089200000|  0%| F|  |TAMS 0x0000000089100000, 0x0000000089100000| Untracked 
| 102|0x0000000089200000, 0x0000000089200000, 0x0000000089300000|  0%| F|  |TAMS 0x0000000089200000, 0x0000000089200000| Untracked 
| 103|0x0000000089300000, 0x0000000089300000, 0x0000000089400000|  0%| F|  |TAMS 0x0000000089300000, 0x0000000089300000| Untracked 
| 104|0x0000000089400000, 0x0000000089400000, 0x0000000089500000|  0%| F|  |TAMS 0x0000000089400000, 0x0000000089400000| Untracked 
| 105|0x0000000089500000, 0x0000000089500000, 0x0000000089600000|  0%| F|  |TAMS 0x0000000089500000, 0x0000000089500000| Untracked 
| 106|0x0000000089600000, 0x0000000089600000, 0x0000000089700000|  0%| F|  |TAMS 0x0000000089600000, 0x0000000089600000| Untracked 
| 107|0x0000000089700000, 0x0000000089700000, 0x0000000089800000|  0%| F|  |TAMS 0x0000000089700000, 0x0000000089700000| Untracked 
| 108|0x0000000089800000, 0x0000000089800000, 0x0000000089900000|  0%| F|  |TAMS 0x0000000089800000, 0x0000000089800000| Untracked 
| 109|0x0000000089900000, 0x0000000089900000, 0x0000000089a00000|  0%| F|  |TAMS 0x0000000089900000, 0x0000000089900000| Untracked 
| 110|0x0000000089a00000, 0x0000000089a00000, 0x0000000089b00000|  0%| F|  |TAMS 0x0000000089a00000, 0x0000000089a00000| Untracked 
| 111|0x0000000089b00000, 0x0000000089b00000, 0x0000000089c00000|  0%| F|  |TAMS 0x0000000089b00000, 0x0000000089b00000| Untracked 
| 112|0x0000000089c00000, 0x0000000089c00000, 0x0000000089d00000|  0%| F|  |TAMS 0x0000000089c00000, 0x0000000089c00000| Untracked 
| 113|0x0000000089d00000, 0x0000000089d00000, 0x0000000089e00000|  0%| F|  |TAMS 0x0000000089d00000, 0x0000000089d00000| Untracked 
| 114|0x0000000089e00000, 0x0000000089e00000, 0x0000000089f00000|  0%| F|  |TAMS 0x0000000089e00000, 0x0000000089e00000| Untracked 
| 115|0x0000000089f00000, 0x0000000089fec870, 0x000000008a000000| 92%| E|  |TAMS 0x0000000089f00000, 0x0000000089f00000| Complete 
| 116|0x000000008a000000, 0x000000008a100000, 0x000000008a100000|100%| E|CS|TAMS 0x000000008a000000, 0x000000008a000000| Complete 
| 117|0x000000008a100000, 0x000000008a200000, 0x000000008a200000|100%| E|CS|TAMS 0x000000008a100000, 0x000000008a100000| Complete 
| 118|0x000000008a200000, 0x000000008a300000, 0x000000008a300000|100%| E|  |TAMS 0x000000008a200000, 0x000000008a200000| Complete 
| 119|0x000000008a300000, 0x000000008a400000, 0x000000008a400000|100%| E|CS|TAMS 0x000000008a300000, 0x000000008a300000| Complete 
| 120|0x000000008a400000, 0x000000008a500000, 0x000000008a500000|100%| E|CS|TAMS 0x000000008a400000, 0x000000008a400000| Complete 
| 121|0x000000008a500000, 0x000000008a600000, 0x000000008a600000|100%| E|CS|TAMS 0x000000008a500000, 0x000000008a500000| Complete 
| 122|0x000000008a600000, 0x000000008a700000, 0x000000008a700000|100%| E|CS|TAMS 0x000000008a600000, 0x000000008a600000| Complete 
| 123|0x000000008a700000, 0x000000008a800000, 0x000000008a800000|100%| E|CS|TAMS 0x000000008a700000, 0x000000008a700000| Complete 
| 124|0x000000008a800000, 0x000000008a900000, 0x000000008a900000|100%| E|CS|TAMS 0x000000008a800000, 0x000000008a800000| Complete 
| 125|0x000000008a900000, 0x000000008aa00000, 0x000000008aa00000|100%| E|CS|TAMS 0x000000008a900000, 0x000000008a900000| Complete 

Card table byte_map: [0x0000020e98fb0000,0x0000020e993a0000] _byte_map_base: 0x0000020e98b9a000

Marking Bits (Prev, Next): (CMBitMap*) 0x0000020e8c0b99c0, (CMBitMap*) 0x0000020e8c0b9a00
 Prev Bits: [0x0000020e99790000, 0x0000020e9b6e0000)
 Next Bits: [0x0000020e9b6e0000, 0x0000020e9d630000)

Polling page: 0x0000020e8be80000

Metaspace:

Usage:
  Non-class:      1.33 MB used.
      Class:    155.22 KB used.
       Both:      1.48 MB used.

Virtual space:
  Non-class space:       64.00 MB reserved,       1.38 MB (  2%) committed,  1 nodes.
      Class space:        1.00 GB reserved,     256.00 KB ( <1%) committed,  1 nodes.
             Both:        1.06 GB reserved,       1.62 MB ( <1%) committed. 

Chunk freelists:
   Non-Class:  11.98 MB
       Class:  15.74 MB
        Both:  27.72 MB

MaxMetaspaceSize: unlimited
CompressedClassSpaceSize: 1.00 GB
Initial GC threshold: 21.00 MB
Current GC threshold: 21.00 MB
CDS: on
MetaspaceReclaimPolicy: balanced
 - commit_granule_bytes: 65536.
 - commit_granule_words: 8192.
 - virtual_space_node_default_size: 8388608.
 - enlarge_chunks_in_place: 1.
 - new_chunks_are_fully_committed: 0.
 - uncommit_free_chunks: 1.
 - use_allocation_guard: 0.
 - handle_deallocations: 1.


Internal statistics:

num_allocs_failed_limit: 0.
num_arena_births: 14.
num_arena_deaths: 0.
num_vsnodes_births: 2.
num_vsnodes_deaths: 0.
num_space_committed: 26.
num_space_uncommitted: 0.
num_chunks_returned_to_freelist: 0.
num_chunks_taken_from_freelist: 17.
num_chunk_merges: 0.
num_chunk_splits: 10.
num_chunks_enlarged: 5.
num_inconsistent_stats: 0.

CodeCache: size=49152Kb used=2775Kb max_used=2775Kb free=46376Kb
 bounds [0x0000020e950c0000, 0x0000020e95380000, 0x0000020e980c0000]
 total_blobs=833 nmethods=428 adapters=331
 compilation: enabled
              stopped_count=0, restarted_count=0
 full_count=0

Compilation events (20 events):
Event: 0.508 Thread 0x0000020ea02e3270 nmethod 414 0x0000020e95371590 code [0x0000020e95371720, 0x0000020e95371808]
Event: 0.509 Thread 0x0000020ea0466510 nmethod 415 0x0000020e95371890 code [0x0000020e95371a40, 0x0000020e95371bc8]
Event: 0.509 Thread 0x0000020ea0466510  416       1       java.util.HashSet::contains (9 bytes)
Event: 0.509 Thread 0x0000020ea0466510 nmethod 416 0x0000020e95371d10 code [0x0000020e95371ea0, 0x0000020e95371fa8]
Event: 0.513 Thread 0x0000020ea0466510  417       1       java.lang.invoke.MethodType::checkPtypes (76 bytes)
Event: 0.513 Thread 0x0000020ea031eaa0  419       1       jdk.internal.org.objectweb.asm.SymbolTable$Entry::<init> (17 bytes)
Event: 0.513 Thread 0x0000020ea0466510 nmethod 417 0x0000020e95372690 code [0x0000020e95372880, 0x0000020e95372c88]
Event: 0.513 Thread 0x0000020ea031eaa0 nmethod 419 0x0000020e95372f10 code [0x0000020e953730a0, 0x0000020e953731c8]
Event: 0.513 Thread 0x0000020ea031eaa0  420       1       jdk.internal.org.objectweb.asm.ByteVector::putByte (39 bytes)
Event: 0.513 Thread 0x0000020ea0466510  421       1       jdk.internal.org.objectweb.asm.SymbolTable::addConstantUtf8 (98 bytes)
Event: 0.514 Thread 0x0000020ea031eaa0 nmethod 420 0x0000020e95373290 code [0x0000020e95373420, 0x0000020e95373588]
Event: 0.514 Thread 0x0000020ea031eaa0  422       1       java.lang.invoke.MethodHandles$Lookup::lookupClass (5 bytes)
Event: 0.514 Thread 0x0000020ea0466510 nmethod 421 0x0000020e95373690 code [0x0000020e95373880, 0x0000020e95373c18]
Event: 0.514 Thread 0x0000020ea031eaa0 nmethod 422 0x0000020e95373f10 code [0x0000020e953740a0, 0x0000020e95374178]
Event: 0.515 Thread 0x0000020ea031eaa0  424       1       java.lang.invoke.MethodTypeForm::erasedType (5 bytes)
Event: 0.515 Thread 0x0000020ea02e3270  425       1       java.lang.invoke.MethodTypeForm::parameterSlotCount (5 bytes)
Event: 0.515 Thread 0x0000020ea0466510  427   !   1       java.lang.invoke.MemberName::getMethodType (211 bytes)
Event: 0.515 Thread 0x0000020ea031eaa0 nmethod 424 0x0000020e95374b10 code [0x0000020e95374ca0, 0x0000020e95374d78]
Event: 0.515 Thread 0x0000020ea02e3270 nmethod 425 0x0000020e95374e10 code [0x0000020e95374fa0, 0x0000020e95375078]
Event: 0.516 Thread 0x0000020ea0466510 nmethod 427 0x0000020e95375110 code [0x0000020e95375340, 0x0000020e95375ad8]

GC Heap History (0 events):
No events

Deoptimization events (0 events):
No events

Classes unloaded (0 events):
No events

Classes redefined (0 events):
No events

Internal exceptions (4 events):
Event: 0.470 Thread 0x0000020ea09620d0 Exception <a 'java/lang/NoSuchMethodError'{0x000000008a0f3e18}: 'java.lang.Object java.lang.invoke.DirectMethodHandle$Holder.invokeStaticInit(java.lang.Object)'> (0x000000008a0f3e18) 
thrown [s\open\src\hotspot\share\interpreter\linkResolver.cpp, line 759]
Event: 0.480 Thread 0x0000020ea09620d0 Exception <a 'java/lang/NoSuchMethodError'{0x0000000089f01d60}: 'void java.lang.invoke.DirectMethodHandle$Holder.invokeStatic(java.lang.Object, java.lang.Object)'> (0x0000000089f01d60) 
thrown [s\open\src\hotspot\share\interpreter\linkResolver.cpp, line 759]
Event: 0.513 Thread 0x0000020e8c05e8b0 Exception <a 'java/lang/NoSuchMethodError'{0x0000000089f933d0}: 'int java.lang.invoke.DirectMethodHandle$Holder.invokeInterface(java.lang.Object, java.lang.Object)'> (0x0000000089f933d0) 
thrown [s\open\src\hotspot\share\interpreter\linkResolver.cpp, line 759]
Event: 0.513 Thread 0x0000020e8c05e8b0 Exception <a 'java/lang/IncompatibleClassChangeError'{0x0000000089f969d0}: Found class java.lang.Object, but interface was expected> (0x0000000089f969d0) 
thrown [s\open\src\hotspot\share\interpreter\linkResolver.cpp, line 826]

VM Operations (4 events):
Event: 0.113 Executing VM operation: HandshakeAllThreads
Event: 0.113 Executing VM operation: HandshakeAllThreads done
Event: 0.469 Executing VM operation: HandshakeAllThreads
Event: 0.469 Executing VM operation: HandshakeAllThreads done

Events (20 events):
Event: 0.515 loading class java/util/Collections$2
Event: 0.515 loading class java/util/Collections$2 done
Event: 0.515 loading class javax/management/StandardMBean
Event: 0.516 loading class javax/management/StandardMBean done
Event: 0.516 loading class javax/management/JMX
Event: 0.516 loading class javax/management/JMX done
Event: 0.516 loading class com/sun/jmx/mbeanserver/DescriptorCache
Event: 0.516 loading class com/sun/jmx/mbeanserver/DescriptorCache done
Event: 0.516 loading class com/sun/jmx/mbeanserver/MXBeanSupport
Event: 0.516 loading class com/sun/jmx/mbeanserver/MBeanSupport
Event: 0.517 loading class com/sun/jmx/mbeanserver/MBeanSupport done
Event: 0.517 loading class com/sun/jmx/mbeanserver/MXBeanSupport done
Event: 0.517 loading class javax/management/MXBean
Event: 0.517 loading class javax/management/MXBean done
Event: 0.517 loading class java/lang/Class$AnnotationData
Event: 0.517 loading class java/lang/Class$AnnotationData done
Event: 0.517 loading class sun/reflect/misc/ReflectUtil
Event: 0.517 loading class sun/reflect/misc/ReflectUtil done
Event: 0.517 loading class com/sun/jmx/mbeanserver/MXBeanIntrospector
Event: 0.517 loading class com/sun/jmx/mbeanserver/MBeanIntrospector


Dynamic libraries:
0x00007ff7b8550000 - 0x00007ff7b8560000 	C:\Program Files\Java\jdk-17\bin\java.exe
0x00007ffac2690000 - 0x00007ffac2888000 	C:\WINDOWS\SYSTEM32\ntdll.dll
0x00007ffac24e0000 - 0x00007ffac259d000 	C:\WINDOWS\System32\KERNEL32.DLL
0x00007ffabfed0000 - 0x00007ffac01c6000 	C:\WINDOWS\System32\KERNELBASE.dll
0x00007ffac0460000 - 0x00007ffac0560000 	C:\WINDOWS\System32\ucrtbase.dll
0x00007ffab5720000 - 0x00007ffab5739000 	C:\Program Files\Java\jdk-17\bin\jli.dll
0x00007ffac0fc0000 - 0x00007ffac1070000 	C:\WINDOWS\System32\ADVAPI32.dll
0x00007ffac25a0000 - 0x00007ffac263e000 	C:\WINDOWS\System32\msvcrt.dll
0x00007ffac21d0000 - 0x00007ffac2270000 	C:\WINDOWS\System32\sechost.dll
0x00007ffac2270000 - 0x00007ffac2393000 	C:\WINDOWS\System32\RPCRT4.dll
0x00007ffabfde0000 - 0x00007ffabfe07000 	C:\WINDOWS\System32\bcrypt.dll
0x00007ffac1410000 - 0x00007ffac15af000 	C:\WINDOWS\System32\USER32.dll
0x00007ffab8320000 - 0x00007ffab833b000 	C:\Program Files\Java\jdk-17\bin\VCRUNTIME140.dll
0x00007ffabfe10000 - 0x00007ffabfe32000 	C:\WINDOWS\System32\win32u.dll
0x00007ffac1b50000 - 0x00007ffac1b7b000 	C:\WINDOWS\System32\GDI32.dll
0x00007ffac01d0000 - 0x00007ffac02e7000 	C:\WINDOWS\System32\gdi32full.dll
0x00007ffaab610000 - 0x00007ffaab8aa000 	C:\WINDOWS\WinSxS\amd64_microsoft.windows.common-controls_6595b64144ccf1df_6.0.19041.4355_none_60b8b9eb71f62e16\COMCTL32.dll
0x00007ffabfd40000 - 0x00007ffabfddd000 	C:\WINDOWS\System32\msvcp_win.dll
0x00007ffab80b0000 - 0x00007ffab80ba000 	C:\WINDOWS\SYSTEM32\VERSION.dll
0x00007ffac19f0000 - 0x00007ffac1a22000 	C:\WINDOWS\System32\IMM32.DLL
0x00007ffab8520000 - 0x00007ffab852c000 	C:\Program Files\Java\jdk-17\bin\vcruntime140_1.dll
0x00007ffa89470000 - 0x00007ffa894fe000 	C:\Program Files\Java\jdk-17\bin\msvcp140.dll
0x00007ffa7c380000 - 0x00007ffa7cf61000 	C:\Program Files\Java\jdk-17\bin\server\jvm.dll
0x00007ffac21c0000 - 0x00007ffac21c8000 	C:\WINDOWS\System32\PSAPI.DLL
0x00007ffabb370000 - 0x00007ffabb379000 	C:\WINDOWS\SYSTEM32\WSOCK32.dll
0x00007ffaad980000 - 0x00007ffaad9a7000 	C:\WINDOWS\SYSTEM32\WINMM.dll
0x00007ffac1b80000 - 0x00007ffac1beb000 	C:\WINDOWS\System32\WS2_32.dll
0x00007ffabdbc0000 - 0x00007ffabdbd2000 	C:\WINDOWS\SYSTEM32\kernel.appcore.dll
0x00007ffab7f80000 - 0x00007ffab7f8a000 	C:\Program Files\Java\jdk-17\bin\jimage.dll
0x00007ffaad6d0000 - 0x00007ffaad8b4000 	C:\WINDOWS\SYSTEM32\DBGHELP.DLL
0x00007ffaa78b0000 - 0x00007ffaa78e4000 	C:\WINDOWS\SYSTEM32\dbgcore.DLL
0x00007ffabfe40000 - 0x00007ffabfec2000 	C:\WINDOWS\System32\bcryptPrimitives.dll
0x00007ffaadb10000 - 0x00007ffaadb1e000 	C:\Program Files\Java\jdk-17\bin\instrument.dll
0x00007ffab2c90000 - 0x00007ffab2cb5000 	C:\Program Files\Java\jdk-17\bin\java.dll
0x00007ffa81780000 - 0x00007ffa81857000 	C:\Program Files\Java\jdk-17\bin\jsvml.dll
0x00007ffac06c0000 - 0x00007ffac0e2b000 	C:\WINDOWS\System32\SHELL32.dll
0x00007ffabddc0000 - 0x00007ffabe55d000 	C:\WINDOWS\SYSTEM32\windows.storage.dll
0x00007ffac1630000 - 0x00007ffac1983000 	C:\WINDOWS\System32\combase.dll
0x00007ffabf760000 - 0x00007ffabf78e000 	C:\WINDOWS\SYSTEM32\Wldp.dll
0x00007ffac2410000 - 0x00007ffac24dd000 	C:\WINDOWS\System32\OLEAUT32.dll
0x00007ffac0f10000 - 0x00007ffac0fbd000 	C:\WINDOWS\System32\SHCORE.dll
0x00007ffac23a0000 - 0x00007ffac23f5000 	C:\WINDOWS\System32\shlwapi.dll
0x00007ffabfc70000 - 0x00007ffabfc94000 	C:\WINDOWS\SYSTEM32\profapi.dll
0x00007ffab2d40000 - 0x00007ffab2d58000 	C:\Program Files\Java\jdk-17\bin\zip.dll
0x00007ffab5700000 - 0x00007ffab5719000 	C:\Program Files\Java\jdk-17\bin\net.dll
0x00007ffab6be0000 - 0x00007ffab6cea000 	C:\WINDOWS\SYSTEM32\WINHTTP.dll
0x00007ffabf4c0000 - 0x00007ffabf52a000 	C:\WINDOWS\system32\mswsock.dll
0x00007ffab32d0000 - 0x00007ffab32e6000 	C:\Program Files\Java\jdk-17\bin\nio.dll
0x00007ffaab030000 - 0x00007ffaab04a000 	E:\idea2023\IntelliJ IDEA 2023.2.5\bin\breakgen64.dll
0x00007ffabf1a0000 - 0x00007ffabf26b000 	C:\WINDOWS\SYSTEM32\DNSAPI.dll
0x00007ffabf150000 - 0x00007ffabf18b000 	C:\WINDOWS\SYSTEM32\IPHLPAPI.DLL
0x00007ffac2640000 - 0x00007ffac2648000 	C:\WINDOWS\System32\NSI.dll
0x00007ffab2080000 - 0x00007ffab208a000 	C:\Windows\System32\rasadhlp.dll
0x00007ffab2340000 - 0x00007ffab23c0000 	C:\WINDOWS\System32\fwpuclnt.dll
0x00007ffaae070000 - 0x00007ffaae07a000 	C:\Program Files\Java\jdk-17\bin\management.dll
0x00007ffaae060000 - 0x00007ffaae06b000 	C:\Program Files\Java\jdk-17\bin\management_ext.dll

dbghelp: loaded successfully - version: 4.0.5 - missing functions: none
symbol engine: initialized successfully - sym options: 0x614 - pdb path: .;C:\Program Files\Java\jdk-17\bin;C:\WINDOWS\SYSTEM32;C:\WINDOWS\WinSxS\amd64_microsoft.windows.common-controls_6595b64144ccf1df_6.0.19041.4355_none_60b8b9eb71f62e16;C:\Program Files\Java\jdk-17\bin\server;E:\idea2023\IntelliJ IDEA 2023.2.5\bin

VM Arguments:
jvm_args: -XX:TieredStopAtLevel=1 -Dspring.output.ansi.enabled=always -Dcom.sun.management.jmxremote -Dspring.jmx.enabled=true -Dspring.liveBeansView.mbeanDomain -Dspring.application.admin.enabled=true -Dmanagement.endpoints.jmx.exposure.include=* -javaagent:E:\idea2023\IntelliJ IDEA 2023.2.5\lib\idea_rt.jar=48328:E:\idea2023\IntelliJ IDEA 2023.2.5\bin -Dfile.encoding=UTF-8 
java_command: com.example.testdpi.TestDpiApplication
java_class_path (initial): E:\idea2023\IntelliJ IDEA 2023.2.5\deaProjects\TestDPI\target\test-classes;E:\idea2023\IntelliJ IDEA 2023.2.5\deaProjects\TestDPI\target\classes;E:\Maven\apache-maven-3.9.6\repository\org\springframework\boot\spring-boot-starter-web\3.2.2\spring-boot-starter-web-3.2.2.jar;E:\Maven\apache-maven-3.9.6\repository\org\springframework\boot\spring-boot-starter\3.2.2\spring-boot-starter-3.2.2.jar;E:\Maven\apache-maven-3.9.6\repository\org\springframework\boot\spring-boot-starter-logging\3.2.2\spring-boot-starter-logging-3.2.2.jar;E:\Maven\apache-maven-3.9.6\repository\ch\qos\logback\logback-classic\1.4.14\logback-classic-1.4.14.jar;E:\Maven\apache-maven-3.9.6\repository\ch\qos\logback\logback-core\1.4.14\logback-core-1.4.14.jar;E:\Maven\apache-maven-3.9.6\repository\org\apache\logging\log4j\log4j-to-slf4j\2.21.1\log4j-to-slf4j-2.21.1.jar;E:\Maven\apache-maven-3.9.6\repository\org\apache\logging\log4j\log4j-api\2.21.1\log4j-api-2.21.1.jar;E:\Maven\apache-maven-3.9.6\repository\org\slf4j\jul-to-slf4j\2.0.11\jul-to-slf4j-2.0.11.jar;E:\Maven\apache-maven-3.9.6\repository\jakarta\annotation\jakarta.annotation-api\2.1.1\jakarta.annotation-api-2.1.1.jar;E:\Maven\apache-maven-3.9.6\repository\org\yaml\snakeyaml\2.2\snakeyaml-2.2.jar;E:\Maven\apache-maven-3.9.6\repository\org\springframework\boot\spring-boot-starter-json\3.2.2\spring-boot-starter-json-3.2.2.jar;E:\Maven\apache-maven-3.9.6\repository\com\fasterxml\jackson\datatype\jackson-datatype-jdk8\2.15.3\jackson-datatype-jdk8-2.15.3.jar;E:\Maven\apache-maven-3.9.6\repository\com\fasterxml\jackson\datatype\jackson-datatype-jsr310\2.15.3\jackson-datatype-jsr310-2.15.3.jar;E:\Maven\apache-maven-3.9.6\repository\com\fasterxml\jackson\module\jackson-module-parameter-names\2.15.3\jackson-module-parameter-names-2.15.3.jar;E:\Maven\apache-maven-3.9.6\repository\org\springframework\boot\spring-boot-starter-tomcat\3.2.2\spring-boot-starter-tomcat-3.2.2.jar;E:\Maven\apache-maven-3.9.6\repository\org\apache\tom
Launcher Type: SUN_STANDARD

[Global flags]
     intx CICompilerCount                          = 4                                         {product} {ergonomic}
     uint ConcGCThreads                            = 3                                         {product} {ergonomic}
     uint G1ConcRefinementThreads                  = 10                                        {product} {ergonomic}
   size_t G1HeapRegionSize                         = 1048576                                   {product} {ergonomic}
    uintx GCDrainStackTargetSize                   = 64                                        {product} {ergonomic}
   size_t InitialHeapSize                          = 132120576                                 {product} {ergonomic}
     bool ManagementServer                         = true                                      {product} {command line}
   size_t MarkStackSize                            = 4194304                                   {product} {ergonomic}
   size_t MaxHeapSize                              = 2101346304                                {product} {ergonomic}
   size_t MaxNewSize                               = 1260388352                                {product} {ergonomic}
   size_t MinHeapDeltaBytes                        = 1048576                                   {product} {ergonomic}
   size_t MinHeapSize                              = 8388608                                   {product} {ergonomic}
    uintx NonProfiledCodeHeapSize                  = 0                                      {pd product} {ergonomic}
     bool ProfileInterpreter                       = false                                  {pd product} {command line}
    uintx ProfiledCodeHeapSize                     = 0                                      {pd product} {ergonomic}
   size_t SoftMaxHeapSize                          = 2101346304                             {manageable} {ergonomic}
     intx TieredStopAtLevel                        = 1                                         {product} {command line}
     bool UseCompressedClassPointers               = true                           {product lp64_product} {ergonomic}
     bool UseCompressedOops                        = true                           {product lp64_product} {ergonomic}
     bool UseG1GC                                  = true                                      {product} {ergonomic}
     bool UseLargePagesIndividualAllocation        = false                                  {pd product} {ergonomic}

Logging:
Log output configuration:
 #0: stdout all=warning uptime,level,tags
 #1: stderr all=off uptime,level,tags

Environment Variables:
JAVA_HOME=C:\Program Files\Java\jdk-17
CLASSPATH=.;C:\Program Files\Java\jdk-17\lib\dt.jar;C:\Program Files\Java\jdk-17\lib\tools.jar
PATH=C:\Program Files\Common Files\Oracle\Java\javapath;E:\ÐéÄâ»úvmware\bin\;C:;Windows\system32;C:\Windows;C:\Windows\System32\Wbem;C:\Windows\System32\WindowsPowerShell\v1.0\;C:\Windows\System32\OpenSSH\;C:\Program Files (x86)\NVIDIA Corporation\PhysX\Common;C:\Program Files\NVIDIA Corporation\NVIDIA NvDLISR;C:\WINDOWS\system32;C:\WINDOWS;C:\WINDOWS\System32\Wbem;C:\WINDOWS\System32\WindowsPowerShell\v1.0\;C:\WINDOWS\System32\OpenSSH\;E:\JDK\bin;C:\Program Files\Microsoft\Web Platform Installer\;C:\Program Files (x86)\Microsoft ASP.NET\ASP.NET Web Pages\v1.0\;C:\Program Files (x86)\Windows Kits\8.0\Windows Performance Toolkit\;C:\Program Files\Java\jdk-17\bin;C:\Program Files\MySQL\MySQL Server 5.7\bin;E:\node-v20.10.0-x64\;E:\node-v20.10.0-x64;E:\node-v20.10.0-x64\node_cache;E:\node-v20.10.0-x64\node_global;E:\Git\cmd;C:\Program Files (x86)\Microsoft SQL Server\160\Tools\Binn\;C:\Program Files\Microsoft SQL Server\160\Tools\Binn\;C:\Program Files\Microsoft SQL Server\Client SDK\ODBC\170\Tools\Binn\;C:\Program Files\Microsoft SQL Server\160\DTS\Binn\;C:\Program Files (x86)\Microsoft SQL Server\160\DTS\Binn\;E:\Python\Scripts\;E:\Python\;.;C:\Program Files\Java\jdk-17\jre\bin;D:\QQÓÎÏ·\QQGameTempest\Hall.57938\;E:\Visual Studio Code\Microsoft VS Code\bin;C:\Users\²©\AppData\Roaming\npm;E:\idea2023\IntelliJ IDEA 2023.2.5\bin;E:\Redis-x64-5.0.14.1;C:\Users\²©\AppData\Local\GitHubDesktop\bin
USERNAME=²©
OS=Windows_NT
PROCESSOR_IDENTIFIER=Intel64 Family 6 Model 165 Stepping 2, GenuineIntel



---------------  S Y S T E M  ---------------

OS:
 Windows 10 , 64 bit Build 19041 (10.0.19041.3636)
OS uptime: 31 days 2:55 hours

CPU: total 12 (initial active 12) (6 cores per cpu, 2 threads per core) family 6 model 165 stepping 2 microcode 0xc8, cx8, cmov, fxsr, ht, mmx, 3dnowpref, sse, sse2, sse3, ssse3, sse4.1, sse4.2, popcnt, lzcnt, tsc, tscinvbit, avx, avx2, aes, erms, clmul, bmi1, bmi2, adx, fma, vzeroupper, clflush, clflushopt

Memory: 4k page, system-wide physical 8015M (441M free)
TotalPageFile size 32591M (AvailPageFile size 1M)
current process WorkingSet (physical memory assigned to process): 47M, peak: 47M
current process commit charge ("private bytes"): 213M, peak: 213M

vm_info: Java HotSpot(TM) 64-Bit Server VM (17.0.9+11-LTS-201) for windows-amd64 JRE (17.0.9+11-LTS-201), built on Oct 10 2023 23:16:06 by "mach5one" with MS VC++ 17.1 (VS2022)

END.
