#
# There is insufficient memory for the Java Runtime Environment to continue.
# Native memory allocation (mmap) failed to map 132120576 bytes for G1 virtual space
# Possible reasons:
#   The system is out of physical RAM or swap space
#   The process is running with CompressedOops enabled, and the Java Heap may be blocking the growth of the native heap
# Possible solutions:
#   Reduce memory load on the system
#   Increase physical memory or swap space
#   Check if swap backing store is full
#   Decrease Java heap size (-Xmx/-Xms)
#   Decrease number of Java threads
#   Decrease Java thread stack sizes (-Xss)
#   Set larger code cache with -XX:ReservedCodeCacheSize=
#   JVM is running with Unscaled Compressed Oops mode in which the Java heap is
#     placed in the first 4GB address space. The Java Heap base address is the
#     maximum limit for the native heap growth. Please use -XX:HeapBaseMinAddress
#     to set the Java Heap base and to place the Java Heap above 4GB virtual address.
# This output file may be truncated or incomplete.
#
#  Out of Memory Error (os_windows.cpp:3552), pid=9080, tid=19256
#
# JRE version:  (17.0.9+11) (build )
# Java VM: Java HotSpot(TM) 64-Bit Server VM (17.0.9+11-LTS-201, mixed mode, emulated-client, sharing, tiered, compressed oops, compressed class ptrs, g1 gc, windows-amd64)
# No core dump will be written. Minidumps are not enabled by default on client versions of Windows
#

---------------  S U M M A R Y ------------

Command Line: -XX:TieredStopAtLevel=1 -Dspring.output.ansi.enabled=always -Dcom.sun.management.jmxremote -Dspring.jmx.enabled=true -Dspring.liveBeansView.mbeanDomain -Dspring.application.admin.enabled=true -Dmanagement.endpoints.jmx.exposure.include=* -javaagent:E:\idea2023\IntelliJ IDEA 2023.2.5\lib\idea_rt.jar=48339:E:\idea2023\IntelliJ IDEA 2023.2.5\bin -Dfile.encoding=UTF-8 com.example.testdpi.TestDpiApplication

Host: Intel(R) Core(TM) i7-10750H CPU @ 2.60GHz, 12 cores, 7G,  Windows 10 , 64 bit Build 19041 (10.0.19041.3636)
Time: Mon Jul  1 15:22:40 2024  Windows 10 , 64 bit Build 19041 (10.0.19041.3636) elapsed time: 0.013657 seconds (0d 0h 0m 0s)

---------------  T H R E A D  ---------------

Current thread (0x000001b983eae800):  JavaThread "Unknown thread" [_thread_in_vm, id=19256, stack(0x0000003016d00000,0x0000003016e00000)]

Stack: [0x0000003016d00000,0x0000003016e00000]
Native frames: (J=compiled Java code, j=interpreted, Vv=VM code, C=native code)
V  [jvm.dll+0x678a4a]
V  [jvm.dll+0x7d9cfd]
V  [jvm.dll+0x7db60e]
V  [jvm.dll+0x7dbc73]
V  [jvm.dll+0x245e1f]
V  [jvm.dll+0x6758f9]
V  [jvm.dll+0x66a2a2]
V  [jvm.dll+0x303686]
V  [jvm.dll+0x30ac06]
V  [jvm.dll+0x35a48e]
V  [jvm.dll+0x35a6bf]
V  [jvm.dll+0x2da678]
V  [jvm.dll+0x2db5e4]
V  [jvm.dll+0x7ab6b1]
V  [jvm.dll+0x368041]
V  [jvm.dll+0x78a749]
V  [jvm.dll+0x3ebd4f]
V  [jvm.dll+0x3ed7d1]
C  [jli.dll+0x5297]
C  [ucrtbase.dll+0x21bb2]
C  [KERNEL32.DLL+0x17344]
C  [ntdll.dll+0x526b1]


---------------  P R O C E S S  ---------------

Threads class SMR info:
_java_thread_list=0x00007ffa7ce389d8, length=0, elements={
}

Java Threads: ( => current thread )

Other Threads:
  0x000001b983f073c0 GCTaskThread "GC Thread#0" [stack: 0x0000003016e00000,0x0000003016f00000] [id=29336]
  0x000001b983f1acd0 ConcurrentGCThread "G1 Main Marker" [stack: 0x0000003016f00000,0x0000003017000000] [id=24080]
  0x000001b983f1bd90 ConcurrentGCThread "G1 Conc#0" [stack: 0x0000003017000000,0x0000003017100000] [id=19392]

[error occurred during error reporting (printing all threads), id 0xc0000005, EXCEPTION_ACCESS_VIOLATION (0xc0000005) at pc=0x00007ffa7c66b2d7]

VM state: not at safepoint (not fully initialized)

VM Mutex/Monitor currently owned by a thread:  ([mutex/lock_event])
[0x000001b983eaa610] Heap_lock - owner thread: 0x000001b983eae800

Heap address: 0x0000000082c00000, size: 2004 MB, Compressed Oops mode: 32-bit

CDS archive(s) mapped at: [0x0000000000000000-0x0000000000000000-0x0000000000000000), size 0, SharedBaseAddress: 0x0000000800000000, ArchiveRelocationMode: 1.
Narrow klass base: 0x0000000000000000, Narrow klass shift: 0, Narrow klass range: 0x0

GC Precious Log:
<Empty>

Heap:
 garbage-first heap   total 0K, used 0K [0x0000000082c00000, 0x0000000100000000)
  region size 1024K, 0 young (0K), 0 survivors (0K)

[error occurred during error reporting (printing heap information), id 0xc0000005, EXCEPTION_ACCESS_VIOLATION (0xc0000005) at pc=0x00007ffa7ca52229]

GC Heap History (0 events):
No events

Deoptimization events (0 events):
No events

Classes unloaded (0 events):
No events

Classes redefined (0 events):
No events

Internal exceptions (0 events):
No events

VM Operations (0 events):
No events

Events (1 events):
Event: 0.009 Loaded shared library C:\Program Files\Java\jdk-17\bin\java.dll


Dynamic libraries:
0x00007ff7b8550000 - 0x00007ff7b8560000 	C:\Program Files\Java\jdk-17\bin\java.exe
0x00007ffac2690000 - 0x00007ffac2888000 	C:\WINDOWS\SYSTEM32\ntdll.dll
0x00007ffac24e0000 - 0x00007ffac259d000 	C:\WINDOWS\System32\KERNEL32.DLL
0x00007ffabfed0000 - 0x00007ffac01c6000 	C:\WINDOWS\System32\KERNELBASE.dll
0x00007ffac0460000 - 0x00007ffac0560000 	C:\WINDOWS\System32\ucrtbase.dll
0x00007ffab5720000 - 0x00007ffab5739000 	C:\Program Files\Java\jdk-17\bin\jli.dll
0x00007ffab8320000 - 0x00007ffab833b000 	C:\Program Files\Java\jdk-17\bin\VCRUNTIME140.dll
0x00007ffac0fc0000 - 0x00007ffac1070000 	C:\WINDOWS\System32\ADVAPI32.dll
0x00007ffac25a0000 - 0x00007ffac263e000 	C:\WINDOWS\System32\msvcrt.dll
0x00007ffac21d0000 - 0x00007ffac2270000 	C:\WINDOWS\System32\sechost.dll
0x00007ffac2270000 - 0x00007ffac2393000 	C:\WINDOWS\System32\RPCRT4.dll
0x00007ffabfde0000 - 0x00007ffabfe07000 	C:\WINDOWS\System32\bcrypt.dll
0x00007ffac1410000 - 0x00007ffac15af000 	C:\WINDOWS\System32\USER32.dll
0x00007ffabfe10000 - 0x00007ffabfe32000 	C:\WINDOWS\System32\win32u.dll
0x00007ffaab610000 - 0x00007ffaab8aa000 	C:\WINDOWS\WinSxS\amd64_microsoft.windows.common-controls_6595b64144ccf1df_6.0.19041.4355_none_60b8b9eb71f62e16\COMCTL32.dll
0x00007ffac1b50000 - 0x00007ffac1b7b000 	C:\WINDOWS\System32\GDI32.dll
0x00007ffac01d0000 - 0x00007ffac02e7000 	C:\WINDOWS\System32\gdi32full.dll
0x00007ffabfd40000 - 0x00007ffabfddd000 	C:\WINDOWS\System32\msvcp_win.dll
0x00007ffab80b0000 - 0x00007ffab80ba000 	C:\WINDOWS\SYSTEM32\VERSION.dll
0x00007ffac19f0000 - 0x00007ffac1a22000 	C:\WINDOWS\System32\IMM32.DLL
0x00007ffab8520000 - 0x00007ffab852c000 	C:\Program Files\Java\jdk-17\bin\vcruntime140_1.dll
0x00007ffa89470000 - 0x00007ffa894fe000 	C:\Program Files\Java\jdk-17\bin\msvcp140.dll
0x00007ffa7c380000 - 0x00007ffa7cf61000 	C:\Program Files\Java\jdk-17\bin\server\jvm.dll
0x00007ffac21c0000 - 0x00007ffac21c8000 	C:\WINDOWS\System32\PSAPI.DLL
0x00007ffabb370000 - 0x00007ffabb379000 	C:\WINDOWS\SYSTEM32\WSOCK32.dll
0x00007ffaad980000 - 0x00007ffaad9a7000 	C:\WINDOWS\SYSTEM32\WINMM.dll
0x00007ffac1b80000 - 0x00007ffac1beb000 	C:\WINDOWS\System32\WS2_32.dll
0x00007ffabdbc0000 - 0x00007ffabdbd2000 	C:\WINDOWS\SYSTEM32\kernel.appcore.dll
0x00007ffab7f80000 - 0x00007ffab7f8a000 	C:\Program Files\Java\jdk-17\bin\jimage.dll
0x00007ffaad6d0000 - 0x00007ffaad8b4000 	C:\WINDOWS\SYSTEM32\DBGHELP.DLL
0x00007ffaa78b0000 - 0x00007ffaa78e4000 	C:\WINDOWS\SYSTEM32\dbgcore.DLL
0x00007ffabfe40000 - 0x00007ffabfec2000 	C:\WINDOWS\System32\bcryptPrimitives.dll
0x00007ffaae070000 - 0x00007ffaae07e000 	C:\Program Files\Java\jdk-17\bin\instrument.dll
0x00007ffab2c90000 - 0x00007ffab2cb5000 	C:\Program Files\Java\jdk-17\bin\java.dll

dbghelp: loaded successfully - version: 4.0.5 - missing functions: none
symbol engine: initialized successfully - sym options: 0x614 - pdb path: .;C:\Program Files\Java\jdk-17\bin;C:\WINDOWS\SYSTEM32;C:\WINDOWS\WinSxS\amd64_microsoft.windows.common-controls_6595b64144ccf1df_6.0.19041.4355_none_60b8b9eb71f62e16;C:\Program Files\Java\jdk-17\bin\server

VM Arguments:
jvm_args: -XX:TieredStopAtLevel=1 -Dspring.output.ansi.enabled=always -Dcom.sun.management.jmxremote -Dspring.jmx.enabled=true -Dspring.liveBeansView.mbeanDomain -Dspring.application.admin.enabled=true -Dmanagement.endpoints.jmx.exposure.include=* -javaagent:E:\idea2023\IntelliJ IDEA 2023.2.5\lib\idea_rt.jar=48339:E:\idea2023\IntelliJ IDEA 2023.2.5\bin -Dfile.encoding=UTF-8 
java_command: com.example.testdpi.TestDpiApplication
java_class_path (initial): E:\idea2023\IntelliJ IDEA 2023.2.5\deaProjects\TestDPI\target\test-classes;E:\idea2023\IntelliJ IDEA 2023.2.5\deaProjects\TestDPI\target\classes;E:\Maven\apache-maven-3.9.6\repository\org\springframework\boot\spring-boot-starter-web\3.2.2\spring-boot-starter-web-3.2.2.jar;E:\Maven\apache-maven-3.9.6\repository\org\springframework\boot\spring-boot-starter\3.2.2\spring-boot-starter-3.2.2.jar;E:\Maven\apache-maven-3.9.6\repository\org\springframework\boot\spring-boot-starter-logging\3.2.2\spring-boot-starter-logging-3.2.2.jar;E:\Maven\apache-maven-3.9.6\repository\ch\qos\logback\logback-classic\1.4.14\logback-classic-1.4.14.jar;E:\Maven\apache-maven-3.9.6\repository\ch\qos\logback\logback-core\1.4.14\logback-core-1.4.14.jar;E:\Maven\apache-maven-3.9.6\repository\org\apache\logging\log4j\log4j-to-slf4j\2.21.1\log4j-to-slf4j-2.21.1.jar;E:\Maven\apache-maven-3.9.6\repository\org\apache\logging\log4j\log4j-api\2.21.1\log4j-api-2.21.1.jar;E:\Maven\apache-maven-3.9.6\repository\org\slf4j\jul-to-slf4j\2.0.11\jul-to-slf4j-2.0.11.jar;E:\Maven\apache-maven-3.9.6\repository\jakarta\annotation\jakarta.annotation-api\2.1.1\jakarta.annotation-api-2.1.1.jar;E:\Maven\apache-maven-3.9.6\repository\org\yaml\snakeyaml\2.2\snakeyaml-2.2.jar;E:\Maven\apache-maven-3.9.6\repository\org\springframework\boot\spring-boot-starter-json\3.2.2\spring-boot-starter-json-3.2.2.jar;E:\Maven\apache-maven-3.9.6\repository\com\fasterxml\jackson\datatype\jackson-datatype-jdk8\2.15.3\jackson-datatype-jdk8-2.15.3.jar;E:\Maven\apache-maven-3.9.6\repository\com\fasterxml\jackson\datatype\jackson-datatype-jsr310\2.15.3\jackson-datatype-jsr310-2.15.3.jar;E:\Maven\apache-maven-3.9.6\repository\com\fasterxml\jackson\module\jackson-module-parameter-names\2.15.3\jackson-module-parameter-names-2.15.3.jar;E:\Maven\apache-maven-3.9.6\repository\org\springframework\boot\spring-boot-starter-tomcat\3.2.2\spring-boot-starter-tomcat-3.2.2.jar;E:\Maven\apache-maven-3.9.6\repository\org\apache\tom
Launcher Type: SUN_STANDARD

[Global flags]
     intx CICompilerCount                          = 4                                         {product} {ergonomic}
     uint ConcGCThreads                            = 3                                         {product} {ergonomic}
     uint G1ConcRefinementThreads                  = 10                                        {product} {ergonomic}
   size_t G1HeapRegionSize                         = 1048576                                   {product} {ergonomic}
    uintx GCDrainStackTargetSize                   = 64                                        {product} {ergonomic}
   size_t InitialHeapSize                          = 132120576                                 {product} {ergonomic}
     bool ManagementServer                         = true                                      {product} {command line}
   size_t MarkStackSize                            = 4194304                                   {product} {ergonomic}
   size_t MaxHeapSize                              = 2101346304                                {product} {ergonomic}
   size_t MinHeapDeltaBytes                        = 1048576                                   {product} {ergonomic}
   size_t MinHeapSize                              = 8388608                                   {product} {ergonomic}
    uintx NonProfiledCodeHeapSize                  = 0                                      {pd product} {ergonomic}
     bool ProfileInterpreter                       = false                                  {pd product} {command line}
    uintx ProfiledCodeHeapSize                     = 0                                      {pd product} {ergonomic}
   size_t SoftMaxHeapSize                          = 2101346304                             {manageable} {ergonomic}
     intx TieredStopAtLevel                        = 1                                         {product} {command line}
     bool UseCompressedClassPointers               = true                           {product lp64_product} {ergonomic}
     bool UseCompressedOops                        = true                           {product lp64_product} {ergonomic}
     bool UseG1GC                                  = true                                      {product} {ergonomic}
     bool UseLargePagesIndividualAllocation        = false                                  {pd product} {ergonomic}

Logging:
Log output configuration:
 #0: stdout all=warning uptime,level,tags
 #1: stderr all=off uptime,level,tags

Environment Variables:
JAVA_HOME=C:\Program Files\Java\jdk-17
CLASSPATH=.;C:\Program Files\Java\jdk-17\lib\dt.jar;C:\Program Files\Java\jdk-17\lib\tools.jar
PATH=C:\Program Files\Common Files\Oracle\Java\javapath;E:\ÐéÄâ»úvmware\bin\;C:;Windows\system32;C:\Windows;C:\Windows\System32\Wbem;C:\Windows\System32\WindowsPowerShell\v1.0\;C:\Windows\System32\OpenSSH\;C:\Program Files (x86)\NVIDIA Corporation\PhysX\Common;C:\Program Files\NVIDIA Corporation\NVIDIA NvDLISR;C:\WINDOWS\system32;C:\WINDOWS;C:\WINDOWS\System32\Wbem;C:\WINDOWS\System32\WindowsPowerShell\v1.0\;C:\WINDOWS\System32\OpenSSH\;E:\JDK\bin;C:\Program Files\Microsoft\Web Platform Installer\;C:\Program Files (x86)\Microsoft ASP.NET\ASP.NET Web Pages\v1.0\;C:\Program Files (x86)\Windows Kits\8.0\Windows Performance Toolkit\;C:\Program Files\Java\jdk-17\bin;C:\Program Files\MySQL\MySQL Server 5.7\bin;E:\node-v20.10.0-x64\;E:\node-v20.10.0-x64;E:\node-v20.10.0-x64\node_cache;E:\node-v20.10.0-x64\node_global;E:\Git\cmd;C:\Program Files (x86)\Microsoft SQL Server\160\Tools\Binn\;C:\Program Files\Microsoft SQL Server\160\Tools\Binn\;C:\Program Files\Microsoft SQL Server\Client SDK\ODBC\170\Tools\Binn\;C:\Program Files\Microsoft SQL Server\160\DTS\Binn\;C:\Program Files (x86)\Microsoft SQL Server\160\DTS\Binn\;E:\Python\Scripts\;E:\Python\;.;C:\Program Files\Java\jdk-17\jre\bin;D:\QQÓÎÏ·\QQGameTempest\Hall.57938\;E:\Visual Studio Code\Microsoft VS Code\bin;C:\Users\²©\AppData\Roaming\npm;E:\idea2023\IntelliJ IDEA 2023.2.5\bin;E:\Redis-x64-5.0.14.1;C:\Users\²©\AppData\Local\GitHubDesktop\bin
USERNAME=²©
OS=Windows_NT
PROCESSOR_IDENTIFIER=Intel64 Family 6 Model 165 Stepping 2, GenuineIntel



---------------  S Y S T E M  ---------------

OS:
 Windows 10 , 64 bit Build 19041 (10.0.19041.3636)
OS uptime: 31 days 2:56 hours

CPU: total 12 (initial active 12) (6 cores per cpu, 2 threads per core) family 6 model 165 stepping 2 microcode 0xc8, cx8, cmov, fxsr, ht, mmx, 3dnowpref, sse, sse2, sse3, ssse3, sse4.1, sse4.2, popcnt, lzcnt, tsc, tscinvbit, avx, avx2, aes, erms, clmul, bmi1, bmi2, adx, fma, vzeroupper, clflush, clflushopt

Memory: 4k page, system-wide physical 8015M (698M free)
TotalPageFile size 32591M (AvailPageFile size 99M)
current process WorkingSet (physical memory assigned to process): 10M, peak: 10M
current process commit charge ("private bytes"): 59M, peak: 185M

vm_info: Java HotSpot(TM) 64-Bit Server VM (17.0.9+11-LTS-201) for windows-amd64 JRE (17.0.9+11-LTS-201), built on Oct 10 2023 23:16:06 by "mach5one" with MS VC++ 17.1 (VS2022)

END.
